food_detection/samples/food_detection/build/outputs/logs/manifest-merger-debug-report.txt
-- Merging decision tree log ---
manifest
ADDED from samples/food_detection/AndroidManifest.xml:2:1-38:12
INJECTED from samples/food_detection/AndroidManifest.xml:2:1-38:12
INJECTED from samples/food_detection/AndroidManifest.xml:2:1-38:12
INJECTED from samples/food_detection/AndroidManifest.xml:2:1-38:12
	package
		INJECTED from samples/food_detection/AndroidManifest.xml
	android:versionName
		INJECTED from samples/food_detection/AndroidManifest.xml
	android:versionCode
		INJECTED from samples/food_detection/AndroidManifest.xml
	xmlns:android
		ADDED from samples/food_detection/AndroidManifest.xml:2:11-69
uses-feature#android.hardware.vr.headtracking
ADDED from samples/food_detection/AndroidManifest.xml:5:2-7:29
	android:required
		ADDED from samples/food_detection/AndroidManifest.xml:7:3-26
	android:name
		ADDED from samples/food_detection/AndroidManifest.xml:6:3-50
application
ADDED from samples/food_detection/AndroidManifest.xml:8:2-37:16
INJECTED from samples/food_detection/AndroidManifest.xml:8:2-37:16
	android:extractNativeLibs
		INJECTED from samples/food_detection/AndroidManifest.xml
	android:label
		ADDED from samples/food_detection/AndroidManifest.xml:11:9-39
	android:hasCode
		ADDED from samples/food_detection/AndroidManifest.xml:10:3-26
	android:allowBackup
		ADDED from samples/food_detection/AndroidManifest.xml:9:3-30
	android:theme
		ADDED from samples/food_detection/AndroidManifest.xml:12:3-67
activity#android.app.NativeActivity
ADDED from samples/food_detection/AndroidManifest.xml:13:3-33:14
	android:screenOrientation
		ADDED from samples/food_detection/AndroidManifest.xml:19:4-41
	android:excludeFromRecents
		ADDED from samples/food_detection/AndroidManifest.xml:16:4-38
	android:launchMode
		ADDED from samples/food_detection/AndroidManifest.xml:18:4-35
	android:exported
		ADDED from samples/food_detection/AndroidManifest.xml:17:4-27
	android:configChanges
		ADDED from samples/food_detection/AndroidManifest.xml:15:4-105
	android:theme
		ADDED from samples/food_detection/AndroidManifest.xml:20:4-68
	android:name
		ADDED from samples/food_detection/AndroidManifest.xml:14:4-45
meta-data#android.app.lib_name
ADDED from samples/food_detection/AndroidManifest.xml:21:4-23:50
	android:value
		ADDED from samples/food_detection/AndroidManifest.xml:23:17-47
	android:name
		ADDED from samples/food_detection/AndroidManifest.xml:22:5-40
meta-data#com.oculus.vr.focusaware
ADDED from samples/food_detection/AndroidManifest.xml:24:4-26:28
	android:value
		ADDED from samples/food_detection/AndroidManifest.xml:26:5-25
	android:name
		ADDED from samples/food_detection/AndroidManifest.xml:25:5-44
intent-filter#action:name:android.intent.action.MAIN+category:name:android.intent.category.LAUNCHER+category:name:com.oculus.intent.category.VR
ADDED from samples/food_detection/AndroidManifest.xml:28:4-32:20
action#android.intent.action.MAIN
ADDED from samples/food_detection/AndroidManifest.xml:29:5-57
	android:name
		ADDED from samples/food_detection/AndroidManifest.xml:29:13-54
category#com.oculus.intent.category.VR
ADDED from samples/food_detection/AndroidManifest.xml:30:5-62
	android:name
		ADDED from samples/food_detection/AndroidManifest.xml:30:15-59
category#android.intent.category.LAUNCHER
ADDED from samples/food_detection/AndroidManifest.xml:31:5-65
	android:name
		ADDED from samples/food_detection/AndroidManifest.xml:31:15-62
meta-data#pvr.app.secure_mr
ADDED from samples/food_detection/AndroidManifest.xml:34:3-67
	android:value
		ADDED from samples/food_detection/AndroidManifest.xml:34:47-64
	android:name
		ADDED from samples/food_detection/AndroidManifest.xml:34:14-46
meta-data#pvr.app.type
ADDED from samples/food_detection/AndroidManifest.xml:35:3-63
	android:value
		ADDED from samples/food_detection/AndroidManifest.xml:35:42-60
	android:name
		ADDED from samples/food_detection/AndroidManifest.xml:35:14-41
meta-data#enable_mr_safeguard
ADDED from samples/food_detection/AndroidManifest.xml:36:3-68
	android:value
		ADDED from samples/food_detection/AndroidManifest.xml:36:49-66
	android:name
		ADDED from samples/food_detection/AndroidManifest.xml:36:14-48
uses-sdk
INJECTED from samples/food_detection/AndroidManifest.xml reason: use-sdk injection requested
INJECTED from samples/food_detection/AndroidManifest.xml
INJECTED from samples/food_detection/AndroidManifest.xml
	android:targetSdkVersion
		INJECTED from samples/food_detection/AndroidManifest.xml
	android:minSdkVersion
		INJECTED from samples/food_detection/AndroidManifest.xml